Using pre-set license
Built from '2022.3/staging' branch; Version is '2022.3.31f1 (4ede2d13e8b4) revision 5168685'; Using compiler version '192829333'; Build Type 'Release'
OS: 'Windows 10  (10.0.19045) 64bit Professional' Language: 'ru' Physical Memory: 16295 MB
BatchMode: 1, IsHumanControllingUs: 0, StartBugReporterOnCrash: 0, Is64bit: 1, IsPro: 1

COMMAND LINE ARGUMENTS:
D:\приложения\2022.3.31f1\Editor\Unity.exe
-adb2
-batchMode
-noUpm
-name
AssetImportWorker3
-projectPath
D:/Проекты на Unity/FirstHitsGame/firstHitsGame
-logFile
Logs/AssetImportWorker3.log
-srvPort
54058
Successfully changed project path to: D:/Проекты на Unity/FirstHitsGame/firstHitsGame
D:/Проекты на Unity/FirstHitsGame/firstHitsGame
[UnityMemory] Configuration Parameters - Can be set up in boot.config
    "memorysetup-bucket-allocator-granularity=16"
    "memorysetup-bucket-allocator-bucket-count=8"
    "memorysetup-bucket-allocator-block-size=33554432"
    "memorysetup-bucket-allocator-block-count=8"
    "memorysetup-main-allocator-block-size=16777216"
    "memorysetup-thread-allocator-block-size=16777216"
    "memorysetup-gfx-main-allocator-block-size=16777216"
    "memorysetup-gfx-thread-allocator-block-size=16777216"
    "memorysetup-cache-allocator-block-size=4194304"
    "memorysetup-typetree-allocator-block-size=2097152"
    "memorysetup-profiler-bucket-allocator-granularity=16"
    "memorysetup-profiler-bucket-allocator-bucket-count=8"
    "memorysetup-profiler-bucket-allocator-block-size=33554432"
    "memorysetup-profiler-bucket-allocator-block-count=8"
    "memorysetup-profiler-allocator-block-size=16777216"
    "memorysetup-profiler-editor-allocator-block-size=1048576"
    "memorysetup-temp-allocator-size-main=16777216"
    "memorysetup-job-temp-allocator-block-size=2097152"
    "memorysetup-job-temp-allocator-block-size-background=1048576"
    "memorysetup-job-temp-allocator-reduction-small-platforms=262144"
    "memorysetup-allocator-temp-initial-block-size-main=262144"
    "memorysetup-allocator-temp-initial-block-size-worker=262144"
    "memorysetup-temp-allocator-size-background-worker=32768"
    "memorysetup-temp-allocator-size-job-worker=262144"
    "memorysetup-temp-allocator-size-preload-manager=33554432"
    "memorysetup-temp-allocator-size-nav-mesh-worker=65536"
    "memorysetup-temp-allocator-size-audio-worker=65536"
    "memorysetup-temp-allocator-size-cloud-worker=32768"
    "memorysetup-temp-allocator-size-gi-baking-worker=262144"
    "memorysetup-temp-allocator-size-gfx=262144"
Player connection [22316] Host "[IP] 192.168.1.86 [Port] 0 [Flags] 2 [Guid] 2149556704 [EditorId] 2149556704 [Version] 1048832 [Id] WindowsEditor(7,Misha) [Debug] 1 [PackageName] WindowsEditor [ProjectName] Editor" joined multi-casting on [225.0.0.222:54997]...

Player connection [22316] Host "[IP] 192.168.1.86 [Port] 0 [Flags] 2 [Guid] 2149556704 [EditorId] 2149556704 [Version] 1048832 [Id] WindowsEditor(7,Misha) [Debug] 1 [PackageName] WindowsEditor [ProjectName] Editor" joined alternative multi-casting on [225.0.0.222:34997]...

[PhysX] Initialized MultithreadedTaskDispatcher with 12 workers.
Refreshing native plugins compatible for Editor in 18.68 ms, found 4 plugins.
Preloading 0 native plugins for Editor in 0.00 ms.
Initialize engine version: 2022.3.31f1 (4ede2d13e8b4)
[Subsystems] Discovering subsystems at path D:/приложения/2022.3.31f1/Editor/Data/Resources/UnitySubsystems
[Subsystems] Discovering subsystems at path D:/Проекты на Unity/FirstHitsGame/firstHitsGame/Assets
GfxDevice: creating device client; threaded=0; jobified=0
Direct3D:
    Version:  Direct3D 11.0 [level 11.1]
    Renderer: NVIDIA GeForce GTX 1660 SUPER (ID=0x21c4)
    Vendor:   NVIDIA
    VRAM:     5966 MB
    Driver:   31.0.15.5244
Initialize mono
Mono path[0] = 'D:/приложения/2022.3.31f1/Editor/Data/Managed'
Mono path[1] = 'D:/приложения/2022.3.31f1/Editor/Data/MonoBleedingEdge/lib/mono/unityjit-win32'
Mono config path = 'D:/приложения/2022.3.31f1/Editor/Data/MonoBleedingEdge/etc'
Using monoOptions --debugger-agent=transport=dt_socket,embedding=1,server=y,suspend=n,address=127.0.0.1:56916
Begin MonoManager ReloadAssembly
Registering precompiled unity dll's ...
Register platform support module: D:/приложения/2022.3.31f1/Editor/Data/PlaybackEngines/WebGLSupport/UnityEditor.WebGL.Extensions.dll
Register platform support module: D:/приложения/2022.3.31f1/Editor/Data/PlaybackEngines/WindowsStandaloneSupport/UnityEditor.WindowsStandalone.Extensions.dll
Registered in 0.008067 seconds.
- Loaded All Assemblies, in  0.444 seconds
Native extension for WindowsStandalone target not found
Native extension for WebGL target not found
Mono: successfully reloaded assembly
- Finished resetting the current domain, in  0.313 seconds
Domain Reload Profiling: 757ms
	BeginReloadAssembly (149ms)
		ExecutionOrderSort (0ms)
		DisableScriptedObjects (0ms)
		BackupInstance (0ms)
		ReleaseScriptingObjects (0ms)
		CreateAndSetChildDomain (1ms)
	RebuildCommonClasses (47ms)
	RebuildNativeTypeToScriptingClass (14ms)
	initialDomainReloadingComplete (64ms)
	LoadAllAssembliesAndSetupDomain (171ms)
		LoadAssemblies (149ms)
		RebuildTransferFunctionScriptingTraits (0ms)
		AnalyzeDomain (167ms)
			TypeCache.Refresh (166ms)
				TypeCache.ScanAssembly (151ms)
			ScanForSourceGeneratedMonoScriptInfo (0ms)
			ResolveRequiredComponents (1ms)
	FinalizeReload (313ms)
		ReleaseScriptCaches (0ms)
		RebuildScriptCaches (0ms)
		SetupLoadedEditorAssemblies (248ms)
			LogAssemblyErrors (0ms)
			InitializePlatformSupportModulesInManaged (10ms)
			SetLoadedEditorAssemblies (6ms)
			RefreshPlugins (0ms)
			BeforeProcessingInitializeOnLoad (2ms)
			ProcessInitializeOnLoadAttributes (174ms)
			ProcessInitializeOnLoadMethodAttributes (56ms)
			AfterProcessingInitializeOnLoad (0ms)
			EditorAssembliesLoaded (0ms)
		ExecutionOrderSort2 (0ms)
		AwakeInstancesAfterBackupRestoration (0ms)
========================================================================
Worker process is ready to serve import requests
Begin MonoManager ReloadAssembly
- Loaded All Assemblies, in  0.836 seconds
Refreshing native plugins compatible for Editor in 6.46 ms, found 4 plugins.
Native extension for WindowsStandalone target not found
Native extension for WebGL target not found
Package Manager log level set to [2]
[Package Manager] Server::EnsureServerProcessIsRunning -- launch failed, reason: Unity was launched with the -noUpm command-line argument
[Package Manager] UpmClient::Send -- Unable to send message (not connected to UPM process).
[Package Manager] Cannot connect to Unity Package Manager local server
Mono: successfully reloaded assembly
- Finished resetting the current domain, in  0.932 seconds
Domain Reload Profiling: 1768ms
	BeginReloadAssembly (220ms)
		ExecutionOrderSort (0ms)
		DisableScriptedObjects (7ms)
		BackupInstance (0ms)
		ReleaseScriptingObjects (0ms)
		CreateAndSetChildDomain (26ms)
	RebuildCommonClasses (44ms)
	RebuildNativeTypeToScriptingClass (13ms)
	initialDomainReloadingComplete (51ms)
	LoadAllAssembliesAndSetupDomain (506ms)
		LoadAssemblies (436ms)
		RebuildTransferFunctionScriptingTraits (0ms)
		AnalyzeDomain (210ms)
			TypeCache.Refresh (178ms)
				TypeCache.ScanAssembly (161ms)
			ScanForSourceGeneratedMonoScriptInfo (25ms)
			ResolveRequiredComponents (7ms)
	FinalizeReload (933ms)
		ReleaseScriptCaches (0ms)
		RebuildScriptCaches (0ms)
		SetupLoadedEditorAssemblies (744ms)
			LogAssemblyErrors (0ms)
			InitializePlatformSupportModulesInManaged (9ms)
			SetLoadedEditorAssemblies (4ms)
			RefreshPlugins (0ms)
			BeforeProcessingInitializeOnLoad (90ms)
			ProcessInitializeOnLoadAttributes (595ms)
			ProcessInitializeOnLoadMethodAttributes (42ms)
			AfterProcessingInitializeOnLoad (4ms)
			EditorAssembliesLoaded (0ms)
		ExecutionOrderSort2 (0ms)
		AwakeInstancesAfterBackupRestoration (9ms)
Launched and connected shader compiler UnityShaderCompiler.exe after 0.05 seconds
Refreshing native plugins compatible for Editor in 6.11 ms, found 4 plugins.
Preloading 0 native plugins for Editor in 0.00 ms.
Unloading 4041 Unused Serialized files (Serialized files now loaded: 0)
Unloading 65 unused Assets / (61.8 KB). Loaded Objects now: 4502.
Memory consumption went from 142.1 MB to 142.0 MB.
Total: 3.886300 ms (FindLiveObjects: 0.334300 ms CreateObjectMapping: 0.106500 ms MarkObjects: 3.312000 ms  DeleteObjects: 0.132700 ms)

AssetImportParameters requested are different than current active one (requested -> active):
  custom:container-demuxer-ogg: 62fdf1f143b41e24485cea50d1cbac27 -> 
  custom:video-decoder-ogg-theora: a1e56fd34408186e4bbccfd4996cb3dc -> 
  custom:framework-win-MediaFoundation: 216162199b28c13a410421893ffa2e32 -> 
  custom:CustomObjectIndexerAttribute: 9a22284fe3817be447336de3de66b15e -> 
  custom:container-demuxer-webm: 4f35f7cbe854078d1ac9338744f61a02 -> 
  custom:container-muxer-webm: aa71ff27fc2769a1b78a27578f13a17b -> 
  custom:video-decoder-webm-vp8: 9c59270c3fd7afecdb556c50c9e8de78 -> 
  custom:SearchIndexIgnoredProperties: e643bd26f0fe6173181afceb89e7c659 -> 
  custom:AudioImporter_EditorPlatform: d09bf68614088b80899f8185d706f6e7 -> 
  custom:video-encoder-webm-vp8: eb34c28f22e8b96e1ab97ce403110664 -> 
  custom:audio-decoder-ogg-vorbis: bf7c407c2cedff20999df2af8eb42d56 -> 
  custom:audio-encoder-webm-vorbis: bf7c407c2cedff20999df2af8eb42d56 -> 
========================================================================
Received Import Request.
  Time since last request: 30735.265975 seconds.
  path: Assets/Sprites/BigManJD/Platformer Tileset - Pixelart Grasslands/Prefabs/Rock1.prefab
  artifactKey: Guid(6bc4f20031ab7a943b8123b5af05b536) Importer(815301076,1909f56bfc062723c751e8b465ee728b)
Start importing Assets/Sprites/BigManJD/Platformer Tileset - Pixelart Grasslands/Prefabs/Rock1.prefab using Guid(6bc4f20031ab7a943b8123b5af05b536) Importer(815301076,1909f56bfc062723c751e8b465ee728b) [PhysX] Initialized MultithreadedTaskDispatcher with 12 workers.
[PhysX] Initialized MultithreadedTaskDispatcher with 12 workers.
 -> (artifact id: 'e52b4638f9ba846750c6bd52d538bf5c') in 0.119508 seconds
Number of updated asset objects reloaded before import = 0
Number of asset objects unloaded after import = 7
========================================================================
Received Import Request.
  Time since last request: 0.000029 seconds.
  path: Assets/Sprites/BigManJD/Platformer Tileset - Pixelart Grasslands/Prefabs/WoodenSign.prefab
  artifactKey: Guid(3f0733b56e08e8c4a852b694cbbc24a5) Importer(815301076,1909f56bfc062723c751e8b465ee728b)
Start importing Assets/Sprites/BigManJD/Platformer Tileset - Pixelart Grasslands/Prefabs/WoodenSign.prefab using Guid(3f0733b56e08e8c4a852b694cbbc24a5) Importer(815301076,1909f56bfc062723c751e8b465ee728b) [PhysX] Initialized MultithreadedTaskDispatcher with 12 workers.
[PhysX] Initialized MultithreadedTaskDispatcher with 12 workers.
 -> (artifact id: '3d2ef85743eae736e2878eedd6c4c8a8') in 0.017078 seconds
Number of updated asset objects reloaded before import = 0
Number of asset objects unloaded after import = 7
========================================================================
Received Import Request.
  Time since last request: 18.088299 seconds.
  path: Assets/Sprites/BigManJD/Platformer Tileset - Pixelart Grasslands/Sprites/Textures/Tiles/GrassTiles.png
  artifactKey: Guid(66453c654294d2045aa5eb98e5ea9f7d) Importer(815301076,1909f56bfc062723c751e8b465ee728b)
Start importing Assets/Sprites/BigManJD/Platformer Tileset - Pixelart Grasslands/Sprites/Textures/Tiles/GrassTiles.png using Guid(66453c654294d2045aa5eb98e5ea9f7d) Importer(815301076,1909f56bfc062723c751e8b465ee728b) [PhysX] Initialized MultithreadedTaskDispatcher with 12 workers.
[PhysX] Initialized MultithreadedTaskDispatcher with 12 workers.
 -> (artifact id: 'cd5252336fef01a416643b3527006734') in 0.332509 seconds
Number of updated asset objects reloaded before import = 0
Number of asset objects unloaded after import = 108
========================================================================
Received Import Request.
  Time since last request: 30.219652 seconds.
  path: Assets/Sprites/BigManJD/Platformer Tileset - Pixelart Grasslands/Tile Palette/Tiles/DirtBackgroundTiles_2.asset
  artifactKey: Guid(e0a56004fa23af648ae8a7848967a901) Importer(815301076,1909f56bfc062723c751e8b465ee728b)
Start importing Assets/Sprites/BigManJD/Platformer Tileset - Pixelart Grasslands/Tile Palette/Tiles/DirtBackgroundTiles_2.asset using Guid(e0a56004fa23af648ae8a7848967a901) Importer(815301076,1909f56bfc062723c751e8b465ee728b) [PhysX] Initialized MultithreadedTaskDispatcher with 12 workers.
 -> (artifact id: 'f6b5ef9686e94556870a8b62938a53f5') in 0.014028 seconds
Number of updated asset objects reloaded before import = 0
Number of asset objects unloaded after import = 3
========================================================================
Received Import Request.
  Time since last request: 0.000695 seconds.
  path: Assets/Sprites/BigManJD/Platformer Tileset - Pixelart Grasslands/Tile Palette/Tiles/DirtBackgroundTiles_5.asset
  artifactKey: Guid(beeeae3d876addb4ab2eeffc361b2760) Importer(815301076,1909f56bfc062723c751e8b465ee728b)
Start importing Assets/Sprites/BigManJD/Platformer Tileset - Pixelart Grasslands/Tile Palette/Tiles/DirtBackgroundTiles_5.asset using Guid(beeeae3d876addb4ab2eeffc361b2760) Importer(815301076,1909f56bfc062723c751e8b465ee728b) [PhysX] Initialized MultithreadedTaskDispatcher with 12 workers.
 -> (artifact id: 'a607b9fa2983e70825008428c1be5816') in 0.011822 seconds
Number of updated asset objects reloaded before import = 0
Number of asset objects unloaded after import = 3
========================================================================
Received Import Request.
  Time since last request: 0.002945 seconds.
  path: Assets/Sprites/BigManJD/Platformer Tileset - Pixelart Grasslands/Tile Palette/Tiles/DirtBackgroundTiles_8.asset
  artifactKey: Guid(1a0c9f0f629898443a8c152ab8edbdee) Importer(815301076,1909f56bfc062723c751e8b465ee728b)
Start importing Assets/Sprites/BigManJD/Platformer Tileset - Pixelart Grasslands/Tile Palette/Tiles/DirtBackgroundTiles_8.asset using Guid(1a0c9f0f629898443a8c152ab8edbdee) Importer(815301076,1909f56bfc062723c751e8b465ee728b) [PhysX] Initialized MultithreadedTaskDispatcher with 12 workers.
 -> (artifact id: '190518a088248983ebce189c120dde86') in 0.011098 seconds
Number of updated asset objects reloaded before import = 0
Number of asset objects unloaded after import = 3
========================================================================
Received Import Request.
  Time since last request: 0.007196 seconds.
  path: Assets/Sprites/BigManJD/Platformer Tileset - Pixelart Grasslands/Tile Palette/Tiles/DirtBackgroundTiles_12.asset
  artifactKey: Guid(87a79123959cde64f8e7a7501f739e9f) Importer(815301076,1909f56bfc062723c751e8b465ee728b)
Start importing Assets/Sprites/BigManJD/Platformer Tileset - Pixelart Grasslands/Tile Palette/Tiles/DirtBackgroundTiles_12.asset using Guid(87a79123959cde64f8e7a7501f739e9f) Importer(815301076,1909f56bfc062723c751e8b465ee728b) [PhysX] Initialized MultithreadedTaskDispatcher with 12 workers.
 -> (artifact id: '23225f4c760aa350f7c33c9e585a5e77') in 0.012065 seconds
Number of updated asset objects reloaded before import = 0
Number of asset objects unloaded after import = 3
========================================================================
Received Import Request.
  Time since last request: 0.006676 seconds.
  path: Assets/Sprites/BigManJD/Platformer Tileset - Pixelart Grasslands/Tile Palette/Tiles/DirtBackgroundTiles_16.asset
  artifactKey: Guid(71ef291c9d7da194db9ac6e209ccb8cf) Importer(815301076,1909f56bfc062723c751e8b465ee728b)
Start importing Assets/Sprites/BigManJD/Platformer Tileset - Pixelart Grasslands/Tile Palette/Tiles/DirtBackgroundTiles_16.asset using Guid(71ef291c9d7da194db9ac6e209ccb8cf) Importer(815301076,1909f56bfc062723c751e8b465ee728b) [PhysX] Initialized MultithreadedTaskDispatcher with 12 workers.
 -> (artifact id: '8296d3d221a068205b645c5640b98755') in 0.011134 seconds
Number of updated asset objects reloaded before import = 0
Number of asset objects unloaded after import = 3
========================================================================
Received Import Request.
  Time since last request: 0.007189 seconds.
  path: Assets/Sprites/BigManJD/Platformer Tileset - Pixelart Grasslands/Tile Palette/Tiles/DirtBackgroundTiles_20.asset
  artifactKey: Guid(9aae0d442e2febd44a34a2d1810dada1) Importer(815301076,1909f56bfc062723c751e8b465ee728b)
Start importing Assets/Sprites/BigManJD/Platformer Tileset - Pixelart Grasslands/Tile Palette/Tiles/DirtBackgroundTiles_20.asset using Guid(9aae0d442e2febd44a34a2d1810dada1) Importer(815301076,1909f56bfc062723c751e8b465ee728b) [PhysX] Initialized MultithreadedTaskDispatcher with 12 workers.
 -> (artifact id: '29db85f5c552e5f483a489bc112797d7') in 0.011295 seconds
Number of updated asset objects reloaded before import = 0
Number of asset objects unloaded after import = 3
========================================================================
Received Import Request.
  Time since last request: 0.008402 seconds.
  path: Assets/Sprites/BigManJD/Platformer Tileset - Pixelart Grasslands/Tile Palette/Tiles/DirtBackgroundTiles_24.asset
  artifactKey: Guid(aed93102cb427544cad9b131b20e1c3c) Importer(815301076,1909f56bfc062723c751e8b465ee728b)
Start importing Assets/Sprites/BigManJD/Platformer Tileset - Pixelart Grasslands/Tile Palette/Tiles/DirtBackgroundTiles_24.asset using Guid(aed93102cb427544cad9b131b20e1c3c) Importer(815301076,1909f56bfc062723c751e8b465ee728b) [PhysX] Initialized MultithreadedTaskDispatcher with 12 workers.
 -> (artifact id: 'ce5207bcd1cac63ed2bdcbc8375684a1') in 0.010973 seconds
Number of updated asset objects reloaded before import = 0
Number of asset objects unloaded after import = 3
========================================================================
Received Import Request.
  Time since last request: 0.003134 seconds.
  path: Assets/Sprites/BigManJD/Platformer Tileset - Pixelart Grasslands/Tile Palette/Tiles/DirtBackgroundTiles_27.asset
  artifactKey: Guid(d009e9c6c73202047b31255aefc60e65) Importer(815301076,1909f56bfc062723c751e8b465ee728b)
Start importing Assets/Sprites/BigManJD/Platformer Tileset - Pixelart Grasslands/Tile Palette/Tiles/DirtBackgroundTiles_27.asset using Guid(d009e9c6c73202047b31255aefc60e65) Importer(815301076,1909f56bfc062723c751e8b465ee728b) [PhysX] Initialized MultithreadedTaskDispatcher with 12 workers.
 -> (artifact id: '38cba7153c5c2387f05da94333df406f') in 0.005538 seconds
Number of updated asset objects reloaded before import = 0
Number of asset objects unloaded after import = 3
========================================================================
Received Import Request.
  Time since last request: 0.008399 seconds.
  path: Assets/Sprites/BigManJD/Platformer Tileset - Pixelart Grasslands/Tile Palette/Tiles/DirtBackgroundTiles_30.asset
  artifactKey: Guid(8fd7ce8e5f384cd47a0d27fee44a1918) Importer(815301076,1909f56bfc062723c751e8b465ee728b)
Start importing Assets/Sprites/BigManJD/Platformer Tileset - Pixelart Grasslands/Tile Palette/Tiles/DirtBackgroundTiles_30.asset using Guid(8fd7ce8e5f384cd47a0d27fee44a1918) Importer(815301076,1909f56bfc062723c751e8b465ee728b) [PhysX] Initialized MultithreadedTaskDispatcher with 12 workers.
 -> (artifact id: 'c674ad5fd5cfc10498f6f02890625263') in 0.011447 seconds
Number of updated asset objects reloaded before import = 0
Number of asset objects unloaded after import = 3
========================================================================
Received Import Request.
  Time since last request: 0.007352 seconds.
  path: Assets/Sprites/BigManJD/Platformer Tileset - Pixelart Grasslands/Tile Palette/Tiles/DirtBackgroundTiles_34.asset
  artifactKey: Guid(34331f621e255a147b66852778eac7bd) Importer(815301076,1909f56bfc062723c751e8b465ee728b)
Start importing Assets/Sprites/BigManJD/Platformer Tileset - Pixelart Grasslands/Tile Palette/Tiles/DirtBackgroundTiles_34.asset using Guid(34331f621e255a147b66852778eac7bd) Importer(815301076,1909f56bfc062723c751e8b465ee728b) [PhysX] Initialized MultithreadedTaskDispatcher with 12 workers.
 -> (artifact id: 'e59893e9797cbfe32015c41c3a244d51') in 0.011441 seconds
Number of updated asset objects reloaded before import = 0
Number of asset objects unloaded after import = 3
========================================================================
Received Import Request.
  Time since last request: 0.007054 seconds.
  path: Assets/Sprites/BigManJD/Platformer Tileset - Pixelart Grasslands/Tile Palette/Tiles/DirtBackgroundTiles_38.asset
  artifactKey: Guid(8098aa22e8127f644b88006f2f819018) Importer(815301076,1909f56bfc062723c751e8b465ee728b)
Start importing Assets/Sprites/BigManJD/Platformer Tileset - Pixelart Grasslands/Tile Palette/Tiles/DirtBackgroundTiles_38.asset using Guid(8098aa22e8127f644b88006f2f819018) Importer(815301076,1909f56bfc062723c751e8b465ee728b) [PhysX] Initialized MultithreadedTaskDispatcher with 12 workers.
 -> (artifact id: '7889c593d47e009a9aefe2b98bce7cf2') in 0.011887 seconds
Number of updated asset objects reloaded before import = 0
Number of asset objects unloaded after import = 3
========================================================================
Received Import Request.
  Time since last request: 0.001441 seconds.
  path: Assets/Sprites/BigManJD/Platformer Tileset - Pixelart Grasslands/Tile Palette/Tiles/DirtBackgroundTiles_41.asset
  artifactKey: Guid(07431814a355f0e40a96e4075a14c08c) Importer(815301076,1909f56bfc062723c751e8b465ee728b)
Start importing Assets/Sprites/BigManJD/Platformer Tileset - Pixelart Grasslands/Tile Palette/Tiles/DirtBackgroundTiles_41.asset using Guid(07431814a355f0e40a96e4075a14c08c) Importer(815301076,1909f56bfc062723c751e8b465ee728b) [PhysX] Initialized MultithreadedTaskDispatcher with 12 workers.
 -> (artifact id: '98c9b5e5b1c89c334c9d4d58eabedaf8') in 0.011020 seconds
Number of updated asset objects reloaded before import = 0
Number of asset objects unloaded after import = 3
========================================================================
Received Import Request.
  Time since last request: 0.002896 seconds.
  path: Assets/Sprites/BigManJD/Platformer Tileset - Pixelart Grasslands/Tile Palette/Tiles/DirtBackgroundTiles_44.asset
  artifactKey: Guid(4a70be65abbcded43a257187d843c8d5) Importer(815301076,1909f56bfc062723c751e8b465ee728b)
Start importing Assets/Sprites/BigManJD/Platformer Tileset - Pixelart Grasslands/Tile Palette/Tiles/DirtBackgroundTiles_44.asset using Guid(4a70be65abbcded43a257187d843c8d5) Importer(815301076,1909f56bfc062723c751e8b465ee728b) [PhysX] Initialized MultithreadedTaskDispatcher with 12 workers.
 -> (artifact id: '6bfa00af5b1ec2251d587881deee6dc3') in 0.010994 seconds
Number of updated asset objects reloaded before import = 0
Number of asset objects unloaded after import = 3
========================================================================
Received Import Request.
  Time since last request: 0.002750 seconds.
  path: Assets/Sprites/BigManJD/Platformer Tileset - Pixelart Grasslands/Tile Palette/Tiles/DirtTiles_2.asset
  artifactKey: Guid(3085c91a9081e584fb7e879ac76c9eca) Importer(815301076,1909f56bfc062723c751e8b465ee728b)
Start importing Assets/Sprites/BigManJD/Platformer Tileset - Pixelart Grasslands/Tile Palette/Tiles/DirtTiles_2.asset using Guid(3085c91a9081e584fb7e879ac76c9eca) Importer(815301076,1909f56bfc062723c751e8b465ee728b) [PhysX] Initialized MultithreadedTaskDispatcher with 12 workers.
 -> (artifact id: '4699e9dd7cd971407cacd4997b50c94c') in 0.010962 seconds
Number of updated asset objects reloaded before import = 0
Number of asset objects unloaded after import = 3
========================================================================
Received Import Request.
  Time since last request: 0.003334 seconds.
  path: Assets/Sprites/BigManJD/Platformer Tileset - Pixelart Grasslands/Tile Palette/Tiles/DirtTiles_5.asset
  artifactKey: Guid(01757a4546b5ecb46894344a9526588d) Importer(815301076,1909f56bfc062723c751e8b465ee728b)
Start importing Assets/Sprites/BigManJD/Platformer Tileset - Pixelart Grasslands/Tile Palette/Tiles/DirtTiles_5.asset using Guid(01757a4546b5ecb46894344a9526588d) Importer(815301076,1909f56bfc062723c751e8b465ee728b) [PhysX] Initialized MultithreadedTaskDispatcher with 12 workers.
 -> (artifact id: '1f1b080741e97ee123574bcf1bc19ac9') in 0.011680 seconds
Number of updated asset objects reloaded before import = 0
Number of asset objects unloaded after import = 3
========================================================================
Received Import Request.
  Time since last request: 0.000017 seconds.
  path: Assets/Sprites/BigManJD/Platformer Tileset - Pixelart Grasslands/Tile Palette/Tiles/DirtTiles_7.asset
  artifactKey: Guid(a1e764bb64303c14b98a620c0b59c678) Importer(815301076,1909f56bfc062723c751e8b465ee728b)
Start importing Assets/Sprites/BigManJD/Platformer Tileset - Pixelart Grasslands/Tile Palette/Tiles/DirtTiles_7.asset using Guid(a1e764bb64303c14b98a620c0b59c678) Importer(815301076,1909f56bfc062723c751e8b465ee728b) [PhysX] Initialized MultithreadedTaskDispatcher with 12 workers.
 -> (artifact id: '36a9ff2e30795c5027dd4cd1a6e76879') in 0.011496 seconds
Number of updated asset objects reloaded before import = 0
Number of asset objects unloaded after import = 3
========================================================================
Received Import Request.
  Time since last request: 0.000020 seconds.
  path: Assets/Sprites/BigManJD/Platformer Tileset - Pixelart Grasslands/Tile Palette/Tiles/DirtTiles_10.asset
  artifactKey: Guid(e34e4554f1592404ab9900afdb78087d) Importer(815301076,1909f56bfc062723c751e8b465ee728b)
Start importing Assets/Sprites/BigManJD/Platformer Tileset - Pixelart Grasslands/Tile Palette/Tiles/DirtTiles_10.asset using Guid(e34e4554f1592404ab9900afdb78087d) Importer(815301076,1909f56bfc062723c751e8b465ee728b) [PhysX] Initialized MultithreadedTaskDispatcher with 12 workers.
 -> (artifact id: '8fca1f1fc50bb12ca1caab7ec5f332fb') in 0.012154 seconds
Number of updated asset objects reloaded before import = 0
Number of asset objects unloaded after import = 3
========================================================================
Received Import Request.
  Time since last request: 0.000020 seconds.
  path: Assets/Sprites/BigManJD/Platformer Tileset - Pixelart Grasslands/Tile Palette/Tiles/DirtTiles_15.asset
  artifactKey: Guid(3029d6a293506cb41a289facfd88cf60) Importer(815301076,1909f56bfc062723c751e8b465ee728b)
Start importing Assets/Sprites/BigManJD/Platformer Tileset - Pixelart Grasslands/Tile Palette/Tiles/DirtTiles_15.asset using Guid(3029d6a293506cb41a289facfd88cf60) Importer(815301076,1909f56bfc062723c751e8b465ee728b) [PhysX] Initialized MultithreadedTaskDispatcher with 12 workers.
 -> (artifact id: '0be034a41f03723d769074a1333f7703') in 0.006857 seconds
Number of updated asset objects reloaded before import = 0
Number of asset objects unloaded after import = 3
========================================================================
Received Import Request.
  Time since last request: 0.000022 seconds.
  path: Assets/Sprites/BigManJD/Platformer Tileset - Pixelart Grasslands/Tile Palette/Tiles/DirtTiles_16.asset
  artifactKey: Guid(53ee903292f04824ca1f1482653b7f1c) Importer(815301076,1909f56bfc062723c751e8b465ee728b)
Start importing Assets/Sprites/BigManJD/Platformer Tileset - Pixelart Grasslands/Tile Palette/Tiles/DirtTiles_16.asset using Guid(53ee903292f04824ca1f1482653b7f1c) Importer(815301076,1909f56bfc062723c751e8b465ee728b) [PhysX] Initialized MultithreadedTaskDispatcher with 12 workers.
 -> (artifact id: 'd82bcea8cf91e9f168dcf2e3edd852b5') in 0.011717 seconds
Number of updated asset objects reloaded before import = 0
Number of asset objects unloaded after import = 3
========================================================================
Received Import Request.
  Time since last request: 0.000018 seconds.
  path: Assets/Sprites/BigManJD/Platformer Tileset - Pixelart Grasslands/Tile Palette/Tiles/DirtTiles_19.asset
  artifactKey: Guid(fb182eb18ef66b247885af315c18db00) Importer(815301076,1909f56bfc062723c751e8b465ee728b)
Start importing Assets/Sprites/BigManJD/Platformer Tileset - Pixelart Grasslands/Tile Palette/Tiles/DirtTiles_19.asset using Guid(fb182eb18ef66b247885af315c18db00) Importer(815301076,1909f56bfc062723c751e8b465ee728b) [PhysX] Initialized MultithreadedTaskDispatcher with 12 workers.
 -> (artifact id: '23890383555469e3f576b2c8e3263559') in 0.011576 seconds
Number of updated asset objects reloaded before import = 0
Number of asset objects unloaded after import = 3
========================================================================
Received Import Request.
  Time since last request: 0.000633 seconds.
  path: Assets/Sprites/BigManJD/Platformer Tileset - Pixelart Grasslands/Tile Palette/Tiles/DirtTiles_22.asset
  artifactKey: Guid(7f7c6e4b6b5214542bc66fb2ede0fa0e) Importer(815301076,1909f56bfc062723c751e8b465ee728b)
Start importing Assets/Sprites/BigManJD/Platformer Tileset - Pixelart Grasslands/Tile Palette/Tiles/DirtTiles_22.asset using Guid(7f7c6e4b6b5214542bc66fb2ede0fa0e) Importer(815301076,1909f56bfc062723c751e8b465ee728b) [PhysX] Initialized MultithreadedTaskDispatcher with 12 workers.
 -> (artifact id: '460fad4e01f2ad7f56fd770a898837e6') in 0.005520 seconds
Number of updated asset objects reloaded before import = 0
Number of asset objects unloaded after import = 3
========================================================================
Received Import Request.
  Time since last request: 0.010653 seconds.
  path: Assets/Sprites/BigManJD/Platformer Tileset - Pixelart Grasslands/Tile Palette/Tiles/DirtTiles_25.asset
  artifactKey: Guid(1ce27af779c7dd04db5b60a01e93f96b) Importer(815301076,1909f56bfc062723c751e8b465ee728b)
Start importing Assets/Sprites/BigManJD/Platformer Tileset - Pixelart Grasslands/Tile Palette/Tiles/DirtTiles_25.asset using Guid(1ce27af779c7dd04db5b60a01e93f96b) Importer(815301076,1909f56bfc062723c751e8b465ee728b) [PhysX] Initialized MultithreadedTaskDispatcher with 12 workers.
 -> (artifact id: 'b10639757a89ca96ad443dfd10bec61b') in 0.011316 seconds
Number of updated asset objects reloaded before import = 0
Number of asset objects unloaded after import = 3
========================================================================
Received Import Request.
  Time since last request: 0.848858 seconds.
  path: Assets/Sprites/BigManJD/Platformer Tileset - Pixelart Grasslands/Tile Palette/Tiles/DirtTiles_30.asset
  artifactKey: Guid(f26e0acac0191c245a031f0b990415ed) Importer(815301076,1909f56bfc062723c751e8b465ee728b)
Start importing Assets/Sprites/BigManJD/Platformer Tileset - Pixelart Grasslands/Tile Palette/Tiles/DirtTiles_30.asset using Guid(f26e0acac0191c245a031f0b990415ed) Importer(815301076,1909f56bfc062723c751e8b465ee728b) [PhysX] Initialized MultithreadedTaskDispatcher with 12 workers.
 -> (artifact id: '46cd2d26ef7f43796ab7ebba9b12764c') in 0.010766 seconds
Number of updated asset objects reloaded before import = 0
Number of asset objects unloaded after import = 3
========================================================================
Received Import Request.
  Time since last request: 0.003495 seconds.
  path: Assets/Sprites/BigManJD/Platformer Tileset - Pixelart Grasslands/Tile Palette/Tiles/DirtTiles_33.asset
  artifactKey: Guid(d2ca3f03e0fbfee478695bee25fd1bf5) Importer(815301076,1909f56bfc062723c751e8b465ee728b)
Start importing Assets/Sprites/BigManJD/Platformer Tileset - Pixelart Grasslands/Tile Palette/Tiles/DirtTiles_33.asset using Guid(d2ca3f03e0fbfee478695bee25fd1bf5) Importer(815301076,1909f56bfc062723c751e8b465ee728b) [PhysX] Initialized MultithreadedTaskDispatcher with 12 workers.
 -> (artifact id: 'd8bd0086795a3e1d930dcd1b0a879fdb') in 0.010901 seconds
Number of updated asset objects reloaded before import = 0
Number of asset objects unloaded after import = 3
========================================================================
Received Import Request.
  Time since last request: 0.002901 seconds.
  path: Assets/Sprites/BigManJD/Platformer Tileset - Pixelart Grasslands/Tile Palette/Tiles/DirtTiles_36.asset
  artifactKey: Guid(8b3f2582f84fd4e46988db91c5a99032) Importer(815301076,1909f56bfc062723c751e8b465ee728b)
Start importing Assets/Sprites/BigManJD/Platformer Tileset - Pixelart Grasslands/Tile Palette/Tiles/DirtTiles_36.asset using Guid(8b3f2582f84fd4e46988db91c5a99032) Importer(815301076,1909f56bfc062723c751e8b465ee728b) [PhysX] Initialized MultithreadedTaskDispatcher with 12 workers.
 -> (artifact id: '34487476ba242a8503a81f84633e967f') in 0.011231 seconds
Number of updated asset objects reloaded before import = 0
Number of asset objects unloaded after import = 3
========================================================================
Received Import Request.
  Time since last request: 0.002583 seconds.
  path: Assets/Sprites/BigManJD/Platformer Tileset - Pixelart Grasslands/Tile Palette/Tiles/DirtTiles_39.asset
  artifactKey: Guid(bce0f033de7b3374cb030a27475868e1) Importer(815301076,1909f56bfc062723c751e8b465ee728b)
Start importing Assets/Sprites/BigManJD/Platformer Tileset - Pixelart Grasslands/Tile Palette/Tiles/DirtTiles_39.asset using Guid(bce0f033de7b3374cb030a27475868e1) Importer(815301076,1909f56bfc062723c751e8b465ee728b) [PhysX] Initialized MultithreadedTaskDispatcher with 12 workers.
 -> (artifact id: 'c3585ab621f14b977e3d4159c179601c') in 0.027141 seconds
Number of updated asset objects reloaded before import = 0
Number of asset objects unloaded after import = 3
========================================================================
Received Import Request.
  Time since last request: 0.002127 seconds.
  path: Assets/Sprites/BigManJD/Platformer Tileset - Pixelart Grasslands/Tile Palette/Tiles/DirtTiles_45.asset
  artifactKey: Guid(41bfa7a22b0a1084ba2f2dca2e73ab81) Importer(815301076,1909f56bfc062723c751e8b465ee728b)
Start importing Assets/Sprites/BigManJD/Platformer Tileset - Pixelart Grasslands/Tile Palette/Tiles/DirtTiles_45.asset using Guid(41bfa7a22b0a1084ba2f2dca2e73ab81) Importer(815301076,1909f56bfc062723c751e8b465ee728b) [PhysX] Initialized MultithreadedTaskDispatcher with 12 workers.
 -> (artifact id: '892f4031e9501e4494a152836ae7a98f') in 0.011892 seconds
Number of updated asset objects reloaded before import = 0
Number of asset objects unloaded after import = 3
========================================================================
Received Import Request.
  Time since last request: 0.018623 seconds.
  path: Assets/Sprites/BigManJD/Platformer Tileset - Pixelart Grasslands/Tile Palette/Tiles/DirtTiles_48.asset
  artifactKey: Guid(16fed9c63bdbd7049b2d07bc52825d3f) Importer(815301076,1909f56bfc062723c751e8b465ee728b)
Start importing Assets/Sprites/BigManJD/Platformer Tileset - Pixelart Grasslands/Tile Palette/Tiles/DirtTiles_48.asset using Guid(16fed9c63bdbd7049b2d07bc52825d3f) Importer(815301076,1909f56bfc062723c751e8b465ee728b) [PhysX] Initialized MultithreadedTaskDispatcher with 12 workers.
 -> (artifact id: '830da891c4cf818cfcc9756a3398f96f') in 0.005992 seconds
Number of updated asset objects reloaded before import = 0
Number of asset objects unloaded after import = 3
========================================================================
Received Import Request.
  Time since last request: 0.022021 seconds.
  path: Assets/Sprites/BigManJD/Platformer Tileset - Pixelart Grasslands/Tile Palette/Tiles/DirtTiles_54.asset
  artifactKey: Guid(888ff013319d6274d8eee981d184394f) Importer(815301076,1909f56bfc062723c751e8b465ee728b)
Start importing Assets/Sprites/BigManJD/Platformer Tileset - Pixelart Grasslands/Tile Palette/Tiles/DirtTiles_54.asset using Guid(888ff013319d6274d8eee981d184394f) Importer(815301076,1909f56bfc062723c751e8b465ee728b) [PhysX] Initialized MultithreadedTaskDispatcher with 12 workers.
 -> (artifact id: '226e8c249ff9602f9fd67fb6446cb693') in 0.010908 seconds
Number of updated asset objects reloaded before import = 0
Number of asset objects unloaded after import = 3
========================================================================
Received Import Request.
  Time since last request: 0.003208 seconds.
  path: Assets/Sprites/BigManJD/Platformer Tileset - Pixelart Grasslands/Tile Palette/Tiles/DirtTiles_57.asset
  artifactKey: Guid(e613e53035e039c4890b4d3affd645a7) Importer(815301076,1909f56bfc062723c751e8b465ee728b)
Start importing Assets/Sprites/BigManJD/Platformer Tileset - Pixelart Grasslands/Tile Palette/Tiles/DirtTiles_57.asset using Guid(e613e53035e039c4890b4d3affd645a7) Importer(815301076,1909f56bfc062723c751e8b465ee728b) [PhysX] Initialized MultithreadedTaskDispatcher with 12 workers.
 -> (artifact id: 'eafa4a7071af825c6ed629b95cd4112e') in 0.005727 seconds
Number of updated asset objects reloaded before import = 0
Number of asset objects unloaded after import = 3
========================================================================
Received Import Request.
  Time since last request: 0.021989 seconds.
  path: Assets/Sprites/BigManJD/Platformer Tileset - Pixelart Grasslands/Tile Palette/Tiles/DirtTiles_63.asset
  artifactKey: Guid(ba3fbc9645527b1489f16c0e83a76937) Importer(815301076,1909f56bfc062723c751e8b465ee728b)
Start importing Assets/Sprites/BigManJD/Platformer Tileset - Pixelart Grasslands/Tile Palette/Tiles/DirtTiles_63.asset using Guid(ba3fbc9645527b1489f16c0e83a76937) Importer(815301076,1909f56bfc062723c751e8b465ee728b) [PhysX] Initialized MultithreadedTaskDispatcher with 12 workers.
 -> (artifact id: '57974375ed80c0058339214779635bfc') in 0.011155 seconds
Number of updated asset objects reloaded before import = 0
Number of asset objects unloaded after import = 3
========================================================================
Received Import Request.
  Time since last request: 0.002328 seconds.
  path: Assets/Sprites/BigManJD/Platformer Tileset - Pixelart Grasslands/Tile Palette/Tiles/DirtTiles_66.asset
  artifactKey: Guid(ad37919e78945274eb127801c1a90bbd) Importer(815301076,1909f56bfc062723c751e8b465ee728b)
Start importing Assets/Sprites/BigManJD/Platformer Tileset - Pixelart Grasslands/Tile Palette/Tiles/DirtTiles_66.asset using Guid(ad37919e78945274eb127801c1a90bbd) Importer(815301076,1909f56bfc062723c751e8b465ee728b) [PhysX] Initialized MultithreadedTaskDispatcher with 12 workers.
 -> (artifact id: 'ed925c4d2d0691c3274d3061eac6fe2d') in 0.011120 seconds
Number of updated asset objects reloaded before import = 0
Number of asset objects unloaded after import = 3
========================================================================
Received Import Request.
  Time since last request: 0.022483 seconds.
  path: Assets/Sprites/BigManJD/Platformer Tileset - Pixelart Grasslands/Tile Palette/Tiles/DirtTiles_73.asset
  artifactKey: Guid(e886a0bc3b5118c4688266272dc7b6dc) Importer(815301076,1909f56bfc062723c751e8b465ee728b)
Start importing Assets/Sprites/BigManJD/Platformer Tileset - Pixelart Grasslands/Tile Palette/Tiles/DirtTiles_73.asset using Guid(e886a0bc3b5118c4688266272dc7b6dc) Importer(815301076,1909f56bfc062723c751e8b465ee728b) [PhysX] Initialized MultithreadedTaskDispatcher with 12 workers.
 -> (artifact id: '09bed8bc1829238a26956120c38565b4') in 0.011822 seconds
Number of updated asset objects reloaded before import = 0
Number of asset objects unloaded after import = 3
========================================================================
Received Import Request.
  Time since last request: 0.002478 seconds.
  path: Assets/Sprites/BigManJD/Platformer Tileset - Pixelart Grasslands/Tile Palette/Tiles/DirtTiles_76.asset
  artifactKey: Guid(a59784795a5fe944bbd2e99d26f6cad4) Importer(815301076,1909f56bfc062723c751e8b465ee728b)
Start importing Assets/Sprites/BigManJD/Platformer Tileset - Pixelart Grasslands/Tile Palette/Tiles/DirtTiles_76.asset using Guid(a59784795a5fe944bbd2e99d26f6cad4) Importer(815301076,1909f56bfc062723c751e8b465ee728b) [PhysX] Initialized MultithreadedTaskDispatcher with 12 workers.
 -> (artifact id: '92101ca78c490ec3d80c083b67304f5b') in 0.012285 seconds
Number of updated asset objects reloaded before import = 0
Number of asset objects unloaded after import = 3
========================================================================
Received Import Request.
  Time since last request: 0.003241 seconds.
  path: Assets/Sprites/BigManJD/Platformer Tileset - Pixelart Grasslands/Tile Palette/Tiles/DirtTiles_79.asset
  artifactKey: Guid(26d393e2df9f84d40989c3e6d716007d) Importer(815301076,1909f56bfc062723c751e8b465ee728b)
Start importing Assets/Sprites/BigManJD/Platformer Tileset - Pixelart Grasslands/Tile Palette/Tiles/DirtTiles_79.asset using Guid(26d393e2df9f84d40989c3e6d716007d) Importer(815301076,1909f56bfc062723c751e8b465ee728b) [PhysX] Initialized MultithreadedTaskDispatcher with 12 workers.
 -> (artifact id: 'edb4534d90d132e28c174336f86666df') in 0.011183 seconds
Number of updated asset objects reloaded before import = 0
Number of asset objects unloaded after import = 3
========================================================================
Received Import Request.
  Time since last request: 0.108015 seconds.
  path: Assets/Sprites/BigManJD/Platformer Tileset - Pixelart Grasslands/Tile Palette/Tiles/DirtTiles_85.asset
  artifactKey: Guid(7dc54b5c40d83064bb2b8edd94f7b0cc) Importer(815301076,1909f56bfc062723c751e8b465ee728b)
Start importing Assets/Sprites/BigManJD/Platformer Tileset - Pixelart Grasslands/Tile Palette/Tiles/DirtTiles_85.asset using Guid(7dc54b5c40d83064bb2b8edd94f7b0cc) Importer(815301076,1909f56bfc062723c751e8b465ee728b) [PhysX] Initialized MultithreadedTaskDispatcher with 12 workers.
 -> (artifact id: 'b0154b25f96199bc8ea687134748ffd8') in 0.010524 seconds
Number of updated asset objects reloaded before import = 0
Number of asset objects unloaded after import = 3
========================================================================
Received Import Request.
  Time since last request: 0.000023 seconds.
  path: Assets/Sprites/BigManJD/Platformer Tileset - Pixelart Grasslands/Tile Palette/Tiles/DirtTiles_90.asset
  artifactKey: Guid(e47bd925d17324d4caf34d1d2a760e99) Importer(815301076,1909f56bfc062723c751e8b465ee728b)
Start importing Assets/Sprites/BigManJD/Platformer Tileset - Pixelart Grasslands/Tile Palette/Tiles/DirtTiles_90.asset using Guid(e47bd925d17324d4caf34d1d2a760e99) Importer(815301076,1909f56bfc062723c751e8b465ee728b) [PhysX] Initialized MultithreadedTaskDispatcher with 12 workers.
 -> (artifact id: '7af67fa14cbf1ffc16d69c57f115580c') in 0.007180 seconds
Number of updated asset objects reloaded before import = 0
Number of asset objects unloaded after import = 3
========================================================================
Received Import Request.
  Time since last request: 0.000032 seconds.
  path: Assets/Sprites/BigManJD/Platformer Tileset - Pixelart Grasslands/Tile Palette/Tiles/DirtTiles_91.asset
  artifactKey: Guid(51fc757da5c09cd4aad03af5feb80276) Importer(815301076,1909f56bfc062723c751e8b465ee728b)
Start importing Assets/Sprites/BigManJD/Platformer Tileset - Pixelart Grasslands/Tile Palette/Tiles/DirtTiles_91.asset using Guid(51fc757da5c09cd4aad03af5feb80276) Importer(815301076,1909f56bfc062723c751e8b465ee728b) [PhysX] Initialized MultithreadedTaskDispatcher with 12 workers.
 -> (artifact id: '188c70b225746620d043c7b128a78c3a') in 0.006219 seconds
Number of updated asset objects reloaded before import = 0
Number of asset objects unloaded after import = 3
========================================================================
Received Import Request.
  Time since last request: 0.000022 seconds.
  path: Assets/Sprites/BigManJD/Platformer Tileset - Pixelart Grasslands/Tile Palette/Tiles/DirtTiles_93.asset
  artifactKey: Guid(bd028813fe358b040b061f720a3ced7e) Importer(815301076,1909f56bfc062723c751e8b465ee728b)
Start importing Assets/Sprites/BigManJD/Platformer Tileset - Pixelart Grasslands/Tile Palette/Tiles/DirtTiles_93.asset using Guid(bd028813fe358b040b061f720a3ced7e) Importer(815301076,1909f56bfc062723c751e8b465ee728b) [PhysX] Initialized MultithreadedTaskDispatcher with 12 workers.
 -> (artifact id: '7f4d7c184ef1f0f3d26f47a2202686da') in 0.005633 seconds
Number of updated asset objects reloaded before import = 0
Number of asset objects unloaded after import = 3
========================================================================
Received Import Request.
  Time since last request: 0.006685 seconds.
  path: Assets/Sprites/BigManJD/Platformer Tileset - Pixelart Grasslands/Tile Palette/Tiles/DirtTiles_96.asset
  artifactKey: Guid(68d0a3e45c64c0145936d7c4cbda2abe) Importer(815301076,1909f56bfc062723c751e8b465ee728b)
Start importing Assets/Sprites/BigManJD/Platformer Tileset - Pixelart Grasslands/Tile Palette/Tiles/DirtTiles_96.asset using Guid(68d0a3e45c64c0145936d7c4cbda2abe) Importer(815301076,1909f56bfc062723c751e8b465ee728b) [PhysX] Initialized MultithreadedTaskDispatcher with 12 workers.
 -> (artifact id: '9adb39cf9f0736a78ddeaacbee36e910') in 0.010983 seconds
Number of updated asset objects reloaded before import = 0
Number of asset objects unloaded after import = 3
========================================================================
Received Import Request.
  Time since last request: 0.003194 seconds.
  path: Assets/Sprites/BigManJD/Platformer Tileset - Pixelart Grasslands/Tile Palette/Tiles/DirtTiles_99.asset
  artifactKey: Guid(c558d3817703e1646accc8eb098d7698) Importer(815301076,1909f56bfc062723c751e8b465ee728b)
Start importing Assets/Sprites/BigManJD/Platformer Tileset - Pixelart Grasslands/Tile Palette/Tiles/DirtTiles_99.asset using Guid(c558d3817703e1646accc8eb098d7698) Importer(815301076,1909f56bfc062723c751e8b465ee728b) [PhysX] Initialized MultithreadedTaskDispatcher with 12 workers.
 -> (artifact id: 'a907ebf5147ce241ad86eae73be1e201') in 0.011503 seconds
Number of updated asset objects reloaded before import = 0
Number of asset objects unloaded after import = 3
========================================================================
Received Import Request.
  Time since last request: 0.016701 seconds.
  path: Assets/Sprites/BigManJD/Platformer Tileset - Pixelart Grasslands/Tile Palette/Tiles/GrassTiles_2.asset
  artifactKey: Guid(a011ed0d58779144cbb147c2ac06380e) Importer(815301076,1909f56bfc062723c751e8b465ee728b)
Start importing Assets/Sprites/BigManJD/Platformer Tileset - Pixelart Grasslands/Tile Palette/Tiles/GrassTiles_2.asset using Guid(a011ed0d58779144cbb147c2ac06380e) Importer(815301076,1909f56bfc062723c751e8b465ee728b) [PhysX] Initialized MultithreadedTaskDispatcher with 12 workers.
 -> (artifact id: '1a1bac88ed74ba1b63ca1ab29a4a18cd') in 0.011427 seconds
Number of updated asset objects reloaded before import = 0
Number of asset objects unloaded after import = 3
========================================================================
Received Import Request.
  Time since last request: 0.002676 seconds.
  path: Assets/Sprites/BigManJD/Platformer Tileset - Pixelart Grasslands/Tile Palette/Tiles/GrassTiles_5.asset
  artifactKey: Guid(15c7d5b34867ee3469d73d7945c555cb) Importer(815301076,1909f56bfc062723c751e8b465ee728b)
Start importing Assets/Sprites/BigManJD/Platformer Tileset - Pixelart Grasslands/Tile Palette/Tiles/GrassTiles_5.asset using Guid(15c7d5b34867ee3469d73d7945c555cb) Importer(815301076,1909f56bfc062723c751e8b465ee728b) [PhysX] Initialized MultithreadedTaskDispatcher with 12 workers.
 -> (artifact id: '1178d7e0cae40e274202f207f82764ff') in 0.011054 seconds
Number of updated asset objects reloaded before import = 0
Number of asset objects unloaded after import = 3
========================================================================
Received Import Request.
  Time since last request: 0.002732 seconds.
  path: Assets/Sprites/BigManJD/Platformer Tileset - Pixelart Grasslands/Tile Palette/Tiles/GrassTiles_8.asset
  artifactKey: Guid(ef68c7e4002f9ea4e9bf339f6a0d5eb5) Importer(815301076,1909f56bfc062723c751e8b465ee728b)
Start importing Assets/Sprites/BigManJD/Platformer Tileset - Pixelart Grasslands/Tile Palette/Tiles/GrassTiles_8.asset using Guid(ef68c7e4002f9ea4e9bf339f6a0d5eb5) Importer(815301076,1909f56bfc062723c751e8b465ee728b) [PhysX] Initialized MultithreadedTaskDispatcher with 12 workers.
 -> (artifact id: '93ef5dfa4655c06bb4942d4152d76e96') in 0.011562 seconds
Number of updated asset objects reloaded before import = 0
Number of asset objects unloaded after import = 3
========================================================================
Received Import Request.
  Time since last request: 0.003354 seconds.
  path: Assets/Sprites/BigManJD/Platformer Tileset - Pixelart Grasslands/Tile Palette/Tiles/GrassTiles_11.asset
  artifactKey: Guid(618a56c0cc2f50d4b82e71af8b4187ae) Importer(815301076,1909f56bfc062723c751e8b465ee728b)
Start importing Assets/Sprites/BigManJD/Platformer Tileset - Pixelart Grasslands/Tile Palette/Tiles/GrassTiles_11.asset using Guid(618a56c0cc2f50d4b82e71af8b4187ae) Importer(815301076,1909f56bfc062723c751e8b465ee728b) [PhysX] Initialized MultithreadedTaskDispatcher with 12 workers.
 -> (artifact id: 'cd028bb39ce9007b91fd76a3703ae7c0') in 0.011936 seconds
Number of updated asset objects reloaded before import = 0
Number of asset objects unloaded after import = 3
========================================================================
Received Import Request.
  Time since last request: 0.001804 seconds.
  path: Assets/Sprites/BigManJD/Platformer Tileset - Pixelart Grasslands/Tile Palette/Tiles/GrassTiles_14.asset
  artifactKey: Guid(23c9d6306b574cc41bd8fb6293553f71) Importer(815301076,1909f56bfc062723c751e8b465ee728b)
Start importing Assets/Sprites/BigManJD/Platformer Tileset - Pixelart Grasslands/Tile Palette/Tiles/GrassTiles_14.asset using Guid(23c9d6306b574cc41bd8fb6293553f71) Importer(815301076,1909f56bfc062723c751e8b465ee728b) [PhysX] Initialized MultithreadedTaskDispatcher with 12 workers.
 -> (artifact id: '6b187c315fc018e969cf7da67f35fe2a') in 0.011260 seconds
Number of updated asset objects reloaded before import = 0
Number of asset objects unloaded after import = 3
========================================================================
Received Import Request.
  Time since last request: 0.002505 seconds.
  path: Assets/Sprites/BigManJD/Platformer Tileset - Pixelart Grasslands/Tile Palette/Tiles/GrassTiles_17.asset
  artifactKey: Guid(8a7b327dc8ebaab478dceaad882926d7) Importer(815301076,1909f56bfc062723c751e8b465ee728b)
Start importing Assets/Sprites/BigManJD/Platformer Tileset - Pixelart Grasslands/Tile Palette/Tiles/GrassTiles_17.asset using Guid(8a7b327dc8ebaab478dceaad882926d7) Importer(815301076,1909f56bfc062723c751e8b465ee728b) [PhysX] Initialized MultithreadedTaskDispatcher with 12 workers.
 -> (artifact id: '66f104dfc50c4cf7ffeae6f61c0582d1') in 0.005876 seconds
Number of updated asset objects reloaded before import = 0
Number of asset objects unloaded after import = 3
========================================================================
Received Import Request.
  Time since last request: 0.007715 seconds.
  path: Assets/Sprites/BigManJD/Platformer Tileset - Pixelart Grasslands/Tile Palette/Tiles/GrassTiles_20.asset
  artifactKey: Guid(dffe8908f99130b4190abbfc5f866acf) Importer(815301076,1909f56bfc062723c751e8b465ee728b)
Start importing Assets/Sprites/BigManJD/Platformer Tileset - Pixelart Grasslands/Tile Palette/Tiles/GrassTiles_20.asset using Guid(dffe8908f99130b4190abbfc5f866acf) Importer(815301076,1909f56bfc062723c751e8b465ee728b) [PhysX] Initialized MultithreadedTaskDispatcher with 12 workers.
 -> (artifact id: '75b861ca58f8f572b14b9ac9dfff2f50') in 0.010922 seconds
Number of updated asset objects reloaded before import = 0
Number of asset objects unloaded after import = 3
========================================================================
Received Import Request.
  Time since last request: 0.003771 seconds.
  path: Assets/Sprites/BigManJD/Platformer Tileset - Pixelart Grasslands/Tile Palette/Tiles/GrassTiles_23.asset
  artifactKey: Guid(eb33c6cd3762a1046880f54c1b4d2793) Importer(815301076,1909f56bfc062723c751e8b465ee728b)
Start importing Assets/Sprites/BigManJD/Platformer Tileset - Pixelart Grasslands/Tile Palette/Tiles/GrassTiles_23.asset using Guid(eb33c6cd3762a1046880f54c1b4d2793) Importer(815301076,1909f56bfc062723c751e8b465ee728b) [PhysX] Initialized MultithreadedTaskDispatcher with 12 workers.
 -> (artifact id: '8a184ce191379129b6b772fac6c7d860') in 0.006264 seconds
Number of updated asset objects reloaded before import = 0
Number of asset objects unloaded after import = 3
========================================================================
Received Import Request.
  Time since last request: 0.021964 seconds.
  path: Assets/Sprites/BigManJD/Platformer Tileset - Pixelart Grasslands/Tile Palette/Tiles/GrassTiles_29.asset
  artifactKey: Guid(3185a415739975e4eb2338bd61af93c8) Importer(815301076,1909f56bfc062723c751e8b465ee728b)
Start importing Assets/Sprites/BigManJD/Platformer Tileset - Pixelart Grasslands/Tile Palette/Tiles/GrassTiles_29.asset using Guid(3185a415739975e4eb2338bd61af93c8) Importer(815301076,1909f56bfc062723c751e8b465ee728b) [PhysX] Initialized MultithreadedTaskDispatcher with 12 workers.
 -> (artifact id: '63e8b9c2473d906a310903489a266e99') in 0.011806 seconds
Number of updated asset objects reloaded before import = 0
Number of asset objects unloaded after import = 3
========================================================================
Received Import Request.
  Time since last request: 0.002693 seconds.
  path: Assets/Sprites/BigManJD/Platformer Tileset - Pixelart Grasslands/Tile Palette/Tiles/GrassTiles_32.asset
  artifactKey: Guid(d1a0297311507594e9ca5bfea6b867b7) Importer(815301076,1909f56bfc062723c751e8b465ee728b)
Start importing Assets/Sprites/BigManJD/Platformer Tileset - Pixelart Grasslands/Tile Palette/Tiles/GrassTiles_32.asset using Guid(d1a0297311507594e9ca5bfea6b867b7) Importer(815301076,1909f56bfc062723c751e8b465ee728b) [PhysX] Initialized MultithreadedTaskDispatcher with 12 workers.
 -> (artifact id: '4624a0f2993ed141e51d9c9a0c2d4d16') in 0.005765 seconds
Number of updated asset objects reloaded before import = 0
Number of asset objects unloaded after import = 3
========================================================================
Received Import Request.
  Time since last request: 0.028242 seconds.
  path: Assets/Sprites/BigManJD/Platformer Tileset - Pixelart Grasslands/Tile Palette/Tiles/GrassTiles_39.asset
  artifactKey: Guid(a84c6598c0ab9674a9ca7509070481ce) Importer(815301076,1909f56bfc062723c751e8b465ee728b)
Start importing Assets/Sprites/BigManJD/Platformer Tileset - Pixelart Grasslands/Tile Palette/Tiles/GrassTiles_39.asset using Guid(a84c6598c0ab9674a9ca7509070481ce) Importer(815301076,1909f56bfc062723c751e8b465ee728b) [PhysX] Initialized MultithreadedTaskDispatcher with 12 workers.
 -> (artifact id: '4447c41634ddb1ba83daa988bc0b4cb7') in 0.010813 seconds
Number of updated asset objects reloaded before import = 0
Number of asset objects unloaded after import = 3
========================================================================
Received Import Request.
  Time since last request: 0.011658 seconds.
  path: Assets/Sprites/BigManJD/Platformer Tileset - Pixelart Grasslands/Tile Palette/Tiles/GrassTiles_44.asset
  artifactKey: Guid(a88761ba71c92f541924a288ddaea441) Importer(815301076,1909f56bfc062723c751e8b465ee728b)
Start importing Assets/Sprites/BigManJD/Platformer Tileset - Pixelart Grasslands/Tile Palette/Tiles/GrassTiles_44.asset using Guid(a88761ba71c92f541924a288ddaea441) Importer(815301076,1909f56bfc062723c751e8b465ee728b) [PhysX] Initialized MultithreadedTaskDispatcher with 12 workers.
 -> (artifact id: '0670288b473b67e63ec44ae0fc6401b7') in 0.005883 seconds
Number of updated asset objects reloaded before import = 0
Number of asset objects unloaded after import = 3
========================================================================
Received Import Request.
  Time since last request: 0.030963 seconds.
  path: Assets/Sprites/BigManJD/Platformer Tileset - Pixelart Grasslands/Tile Palette/Tiles/GrassTiles_52.asset
  artifactKey: Guid(24acdee9918825241af99785a79ffee3) Importer(815301076,1909f56bfc062723c751e8b465ee728b)
Start importing Assets/Sprites/BigManJD/Platformer Tileset - Pixelart Grasslands/Tile Palette/Tiles/GrassTiles_52.asset using Guid(24acdee9918825241af99785a79ffee3) Importer(815301076,1909f56bfc062723c751e8b465ee728b) [PhysX] Initialized MultithreadedTaskDispatcher with 12 workers.
 -> (artifact id: 'de42f8f907ea715390d75d991a1888f0') in 0.005944 seconds
Number of updated asset objects reloaded before import = 0
Number of asset objects unloaded after import = 3
========================================================================
Received Prepare
Begin MonoManager ReloadAssembly
- Loaded All Assemblies, in  0.589 seconds
Refreshing native plugins compatible for Editor in 6.72 ms, found 4 plugins.
Native extension for WindowsStandalone target not found
Native extension for WebGL target not found
[Package Manager] Server::EnsureServerProcessIsRunning -- launch failed, reason: Unity was launched with the -noUpm command-line argument
[Package Manager] UpmClient::Send -- Unable to send message (not connected to UPM process).
[Package Manager] Cannot connect to Unity Package Manager local server
Mono: successfully reloaded assembly
- Finished resetting the current domain, in  1.634 seconds
Domain Reload Profiling: 2222ms
	BeginReloadAssembly (219ms)
		ExecutionOrderSort (0ms)
		DisableScriptedObjects (14ms)
		BackupInstance (0ms)
		ReleaseScriptingObjects (0ms)
		CreateAndSetChildDomain (39ms)
	RebuildCommonClasses (47ms)
	RebuildNativeTypeToScriptingClass (15ms)
	initialDomainReloadingComplete (36ms)
	LoadAllAssembliesAndSetupDomain (271ms)
		LoadAssemblies (389ms)
		RebuildTransferFunctionScriptingTraits (0ms)
		AnalyzeDomain (14ms)
			TypeCache.Refresh (6ms)
				TypeCache.ScanAssembly (0ms)
			ScanForSourceGeneratedMonoScriptInfo (0ms)
			ResolveRequiredComponents (7ms)
	FinalizeReload (1634ms)
		ReleaseScriptCaches (0ms)
		RebuildScriptCaches (0ms)
		SetupLoadedEditorAssemblies (766ms)
			LogAssemblyErrors (0ms)
			InitializePlatformSupportModulesInManaged (7ms)
			SetLoadedEditorAssemblies (4ms)
			RefreshPlugins (0ms)
			BeforeProcessingInitializeOnLoad (101ms)
			ProcessInitializeOnLoadAttributes (606ms)
			ProcessInitializeOnLoadMethodAttributes (43ms)
			AfterProcessingInitializeOnLoad (4ms)
			EditorAssembliesLoaded (0ms)
		ExecutionOrderSort2 (0ms)
		AwakeInstancesAfterBackupRestoration (20ms)
Refreshing native plugins compatible for Editor in 6.43 ms, found 4 plugins.
Preloading 0 native plugins for Editor in 0.00 ms.
Unloading 4028 Unused Serialized files (Serialized files now loaded: 0)
Unloading 37 unused Assets / (36.8 KB). Loaded Objects now: 4520.
Memory consumption went from 143.4 MB to 143.4 MB.
Total: 3.952700 ms (FindLiveObjects: 0.367800 ms CreateObjectMapping: 0.109200 ms MarkObjects: 3.402600 ms  DeleteObjects: 0.069500 ms)

Prepare: number of updated asset objects reloaded= 0
AssetImportParameters requested are different than current active one (requested -> active):
  custom:container-demuxer-ogg: 62fdf1f143b41e24485cea50d1cbac27 -> 
  custom:video-decoder-ogg-theora: a1e56fd34408186e4bbccfd4996cb3dc -> 
  custom:framework-win-MediaFoundation: 216162199b28c13a410421893ffa2e32 -> 
  custom:CustomObjectIndexerAttribute: 9a22284fe3817be447336de3de66b15e -> 
  custom:container-demuxer-webm: 4f35f7cbe854078d1ac9338744f61a02 -> 
  custom:container-muxer-webm: aa71ff27fc2769a1b78a27578f13a17b -> 
  custom:video-decoder-webm-vp8: 9c59270c3fd7afecdb556c50c9e8de78 -> 
  custom:SearchIndexIgnoredProperties: e643bd26f0fe6173181afceb89e7c659 -> 
  custom:AudioImporter_EditorPlatform: d09bf68614088b80899f8185d706f6e7 -> 
  custom:video-encoder-webm-vp8: eb34c28f22e8b96e1ab97ce403110664 -> 
  custom:audio-decoder-ogg-vorbis: bf7c407c2cedff20999df2af8eb42d56 -> 
  custom:audio-encoder-webm-vorbis: bf7c407c2cedff20999df2af8eb42d56 -> 
========================================================================
Received Import Request.
  Time since last request: 421.134722 seconds.
  path: Assets/Sprites/main persone/Hero Knight - Pixel Art/Sprites/BlockFlash.png
  artifactKey: Guid(a75445bb16444f14f96fdf9c734945cc) Importer(815301076,1909f56bfc062723c751e8b465ee728b)
Start importing Assets/Sprites/main persone/Hero Knight - Pixel Art/Sprites/BlockFlash.png using Guid(a75445bb16444f14f96fdf9c734945cc) Importer(815301076,1909f56bfc062723c751e8b465ee728b) [PhysX] Initialized MultithreadedTaskDispatcher with 12 workers.
[PhysX] Initialized MultithreadedTaskDispatcher with 12 workers.
 -> (artifact id: 'e5725a4bfdff6825baaf4a7af976dea8') in 0.096611 seconds
Number of updated asset objects reloaded before import = 0
Number of asset objects unloaded after import = 7
========================================================================
Received Import Request.
  Time since last request: 0.000027 seconds.
  path: Assets/Sprites/main persone/Hero Knight - Pixel Art/Sprites/HeroKnight.png
  artifactKey: Guid(ae297123f091bbf4e8f1835eb98fb293) Importer(815301076,1909f56bfc062723c751e8b465ee728b)
Start importing Assets/Sprites/main persone/Hero Knight - Pixel Art/Sprites/HeroKnight.png using Guid(ae297123f091bbf4e8f1835eb98fb293) Importer(815301076,1909f56bfc062723c751e8b465ee728b) [PhysX] Initialized MultithreadedTaskDispatcher with 12 workers.
[PhysX] Initialized MultithreadedTaskDispatcher with 12 workers.
 -> (artifact id: '1f33371f0ee43a7371cd9fbac9506140') in 0.342733 seconds
Number of updated asset objects reloaded before import = 0
Number of asset objects unloaded after import = 92
========================================================================
Received Import Request.
  Time since last request: 463.907150 seconds.
  path: Assets/Sprites/main persone/Hero Knight - Pixel Art/Environment/EnvironmentTiles_0.asset
  artifactKey: Guid(a3f5e82170913a042b8a1a7ca021cd41) Importer(815301076,1909f56bfc062723c751e8b465ee728b)
Start importing Assets/Sprites/main persone/Hero Knight - Pixel Art/Environment/EnvironmentTiles_0.asset using Guid(a3f5e82170913a042b8a1a7ca021cd41) Importer(815301076,1909f56bfc062723c751e8b465ee728b) [PhysX] Initialized MultithreadedTaskDispatcher with 12 workers.
 -> (artifact id: 'ebabbdf8c7bfbceeb0f631b12b240acc') in 0.017000 seconds
Number of updated asset objects reloaded before import = 0
Number of asset objects unloaded after import = 3
========================================================================
Received Import Request.
  Time since last request: 0.011230 seconds.
  path: Assets/Sprites/main persone/Hero Knight - Pixel Art/Environment/EnvironmentTiles_2.asset
  artifactKey: Guid(16944a65ef007594a9a62996602798ae) Importer(815301076,1909f56bfc062723c751e8b465ee728b)
Start importing Assets/Sprites/main persone/Hero Knight - Pixel Art/Environment/EnvironmentTiles_2.asset using Guid(16944a65ef007594a9a62996602798ae) Importer(815301076,1909f56bfc062723c751e8b465ee728b) [PhysX] Initialized MultithreadedTaskDispatcher with 12 workers.
 -> (artifact id: 'ea938735f843e349611df738820ce14c') in 0.013280 seconds
Number of updated asset objects reloaded before import = 0
Number of asset objects unloaded after import = 3
========================================================================
Received Import Request.
  Time since last request: 0.000022 seconds.
  path: Assets/Sprites/main persone/Hero Knight - Pixel Art/Environment/Walls_noFriction.physicsMaterial2D
  artifactKey: Guid(9c497a4ce1f356b448c0dd3eca091d35) Importer(815301076,1909f56bfc062723c751e8b465ee728b)
Start importing Assets/Sprites/main persone/Hero Knight - Pixel Art/Environment/Walls_noFriction.physicsMaterial2D using Guid(9c497a4ce1f356b448c0dd3eca091d35) Importer(815301076,1909f56bfc062723c751e8b465ee728b) [PhysX] Initialized MultithreadedTaskDispatcher with 12 workers.
 -> (artifact id: 'd164d7284a1a844233e3b469eb54fab0') in 0.001017 seconds
Number of updated asset objects reloaded before import = 0
Number of asset objects unloaded after import = 1
========================================================================
Received Import Request.
  Time since last request: 0.000015 seconds.
  path: Assets/Sprites/main persone/Hero Knight - Pixel Art/Environment/EnvironmentTiles_3.asset
  artifactKey: Guid(50037ea5bf884e3438442ce9d2f0df1c) Importer(815301076,1909f56bfc062723c751e8b465ee728b)
Start importing Assets/Sprites/main persone/Hero Knight - Pixel Art/Environment/EnvironmentTiles_3.asset using Guid(50037ea5bf884e3438442ce9d2f0df1c) Importer(815301076,1909f56bfc062723c751e8b465ee728b) [PhysX] Initialized MultithreadedTaskDispatcher with 12 workers.
 -> (artifact id: '3e4b210f2b840a789e89c422ef2cf73d') in 0.011704 seconds
Number of updated asset objects reloaded before import = 0
Number of asset objects unloaded after import = 3
========================================================================
Received Import Request.
  Time since last request: 0.000022 seconds.
  path: Assets/Sprites/main persone/Hero Knight - Pixel Art/Environment/EnvironmentTiles_1.asset
  artifactKey: Guid(932822c3aa72d6245a38fc0e08fe9ef3) Importer(815301076,1909f56bfc062723c751e8b465ee728b)
Start importing Assets/Sprites/main persone/Hero Knight - Pixel Art/Environment/EnvironmentTiles_1.asset using Guid(932822c3aa72d6245a38fc0e08fe9ef3) Importer(815301076,1909f56bfc062723c751e8b465ee728b) [PhysX] Initialized MultithreadedTaskDispatcher with 12 workers.
 -> (artifact id: '9b7af4fafc569fc55a4ee8f6d880fc69') in 0.015503 seconds
Number of updated asset objects reloaded before import = 0
Number of asset objects unloaded after import = 3
Editor requested this worker to shutdown with reason: Scaling down because of idle timeout
TcpMessagingSession - receive error: operation aborted. errorcode: 995, details:  /   -       .
AssetImportWorker is now disconnected from the server
Process exiting
Exiting without the bug reporter. Application will terminate with return code 0